<?xml version="1.0" encoding="UTF-8"?>
<!-- Generated by org.testng.reporters.JUnitReportReporter -->
<testsuite hostname="Godwin" failures="0" tests="1" name="testcasesUSA.Task007" time="52.129" errors="0" timestamp="2023-11-09T14:05:51 IST" skipped="0">
  <testcase classname="testcasesUSA.Task007" name="ShopByDepartment" time="52.129"/>
  <system-out/>
</testsuite> <!-- testcasesUSA.Task007 -->
