<?xml version="1.0" encoding="UTF-8"?>
<!-- Generated by org.testng.reporters.JUnitReportReporter -->
<testsuite hostname="Godwin" failures="0" tests="1" name="testcasesUSA.Task004" time="94.077" errors="0" timestamp="2023-11-09T14:05:51 IST" skipped="0">
  <testcase classname="testcasesUSA.Task004" name="ShopMenu" time="94.077"/>
  <system-out/>
</testsuite> <!-- testcasesUSA.Task004 -->
