<?xml version="1.0" encoding="UTF-8"?>
<!-- Generated by org.testng.reporters.JUnitReportReporter -->
<testsuite hostname="Godwin" failures="0" tests="1" name="testcasesUSA.Task005" time="462.444" errors="0" timestamp="2023-11-09T14:05:51 IST" skipped="0">
  <testcase classname="testcasesUSA.Task005" name="BottomLinks" time="462.444"/>
  <system-out/>
</testsuite> <!-- testcasesUSA.Task005 -->
