<?xml version="1.0" encoding="UTF-8"?>
<!-- Generated by org.testng.reporters.JUnitReportReporter -->
<testsuite hostname="Godwin" failures="0" tests="1" name="testcasesUSA.Task010and11" time="159.182" errors="0" timestamp="2023-11-09T19:43:15 IST" skipped="0">
  <testcase classname="testcasesUSA.Task010and11" name="BrandsCart" time="159.182"/>
  <system-out/>
</testsuite> <!-- testcasesUSA.Task010and11 -->
