<?xml version="1.0" encoding="UTF-8"?>
<!-- Generated by org.testng.reporters.JUnitReportReporter -->
<testsuite hostname="Godwin" failures="0" tests="1" name="testcasesUSA.Task002" time="2.425" errors="0" timestamp="2023-10-29T10:22:49 IST" skipped="0">
  <testcase classname="testcasesUSA.Task002" name="URL" time="2.425"/>
  <system-out/>
</testsuite> <!-- testcasesUSA.Task002 -->
