<?xml version="1.0" encoding="UTF-8"?>
<!-- Generated by org.testng.reporters.JUnitReportReporter -->
<testsuite hostname="Godwin" failures="0" tests="1" name="testcasesUSA.Task009" time="118.787" errors="0" timestamp="2023-11-09T19:29:53 IST" skipped="0">
  <testcase classname="testcasesUSA.Task009" name="BrandsCart" time="118.787"/>
  <system-out/>
</testsuite> <!-- testcasesUSA.Task009 -->
