<?xml version="1.0" encoding="UTF-8"?>
<!-- Generated by org.testng.reporters.JUnitReportReporter -->
<testsuite hostname="Godwin" failures="0" tests="1" name="testcasesUSA.Task008" time="35.537" errors="0" timestamp="2023-11-09T14:05:51 IST" skipped="0">
  <testcase classname="testcasesUSA.Task008" name="BrandsCart" time="35.537"/>
  <system-out/>
</testsuite> <!-- testcasesUSA.Task008 -->
