<?xml version="1.0" encoding="UTF-8"?>
<!-- Generated by org.testng.reporters.JUnitReportReporter -->
<testsuite hostname="Godwin" failures="0" tests="1" name="testcasesUSA.Task001" time="13.610" errors="0" timestamp="2023-10-29T10:22:00 IST" skipped="0">
  <testcase classname="testcasesUSA.Task001" name="URL" time="13.610"/>
  <system-out/>
</testsuite> <!-- testcasesUSA.Task001 -->
